<?xml version="1.0" encoding="UTF-8"?><testsuite errors="0" failures="0" name="HU06" skipped="0" tests="12" time="14.92" timestamp="2021-12-03 01:33:39"><testcase name="Creacion exitosa"/><testcase name="Creacion de un programa fallido por nombre"/><testcase name="Creacion de un programa fallido por no suministrar cursos"/><testcase name="Creacion de un programa fallido por 0 dias en la categoria"/><testcase name="Creacion de un programa fallido por dias negativos en la categoria"/><testcase name="Edicion de nombre exitoso"/><testcase name="Edicion de nombre fallido"/><testcase name="Agregar curso exitoso"/><testcase name="Editar Programa sin cursos"/><testcase name="eliminar programa exitoso"/><testcase name="eliminar programa fallido"/><testcase name="Consulta exitosa"/></testsuite>