<?xml version="1.0" encoding="UTF-8"?><testsuite errors="0" failures="0" name="HU05" skipped="0" tests="12" time="10.57" timestamp="2021-12-03 01:33:28"><testcase name="Buscar curso"/><testcase name="Crear curso"/><testcase name="Crear curso con dato average invalido"/><testcase name="Crear curso con dato condition invalido"/><testcase name="Crear curso con dato type invalido"/><testcase name="Crear curso con dato name curso repetido"/><testcase name="Crear curso con dato name categoria repetido"/><testcase name="Crear curso vacio"/><testcase name="Crear curso algunos campos vacios"/><testcase name="Crear curso todos los campos invalidos"/><testcase name="Editar curso"/><testcase name="Eliminar curso"/></testsuite>