<?xml version="1.0" encoding="UTF-8"?><testsuite errors="3" failures="1" name="HU07" skipped="0" tests="8" time="128.04" timestamp="2021-12-02 12:08:47"><testcase name="ver un training"><error message="Cannot parse object because no supported Content-Type was specified in response. Content-Type was 'text/html; charset=utf-8'." type="java.lang.IllegalStateException">Cannot parse object because no supported Content-Type was specified in response. Content-Type was 'text/html; charset=utf-8'.</error><system-err>Cannot parse object because no supported Content-Type was specified in response. Content-Type was 'text/html; charset=utf-8'.&#13;
io.restassured.internal.mapping.ObjectMapping.deserialize(ObjectMapping.groovy:84)&#13;
io.restassured.internal.RestAssuredResponseOptionsGroovyImpl.as(RestAssuredResponseOptionsGroovyImpl.groovy:220)&#13;
io.restassured.internal.RestAssuredResponseOptionsImpl.as(RestAssuredResponseOptionsImpl.java:166)&#13;
net.serenitybdd.rest.decorators.ResponseDecorated.as(ResponseDecorated.java:63)&#13;
co.com.sofka.questions.hu07.GetOneTrainingQuestion.answeredBy(GetOneTrainingQuestion.java:11)&#13;
co.com.sofka.stepdefinition.hu07.GetOneTrainingStepDefinition.guardarDatosTraining(GetOneTrainingStepDefinition.java:74)&#13;
co.com.sofka.stepdefinition.hu07.GetOneTrainingStepDefinition.quiero_ver_un_training_nuevo(GetOneTrainingStepDefinition.java:45)&#13;
✽.quiero ver un training nuevo(file:///C:/Users/ThinkPad/Desktop/RetoFinal/academic-system-certification/RETO_FINAL_SERVICES/src/test/resources/resources/features/hu07/CrudTraining.feature:10)&#13;
</system-err></testcase><testcase name="ver un training de manera incorrecta"/><testcase name="actualizar un training"><error message="Cannot parse object because no supported Content-Type was specified in response. Content-Type was 'text/html; charset=utf-8'." type="java.lang.IllegalStateException">Cannot parse object because no supported Content-Type was specified in response. Content-Type was 'text/html; charset=utf-8'.</error><system-err>Cannot parse object because no supported Content-Type was specified in response. Content-Type was 'text/html; charset=utf-8'.&#13;
io.restassured.internal.mapping.ObjectMapping.deserialize(ObjectMapping.groovy:84)&#13;
io.restassured.internal.RestAssuredResponseOptionsGroovyImpl.as(RestAssuredResponseOptionsGroovyImpl.groovy:220)&#13;
io.restassured.internal.RestAssuredResponseOptionsImpl.as(RestAssuredResponseOptionsImpl.java:166)&#13;
net.serenitybdd.rest.decorators.ResponseDecorated.as(ResponseDecorated.java:63)&#13;
co.com.sofka.questions.hu07.GetOneTrainingQuestion.answeredBy(GetOneTrainingQuestion.java:11)&#13;
co.com.sofka.stepdefinition.hu07.UpDateTrainingStepDefinition.guardarDatosTraining(UpDateTrainingStepDefinition.java:99)&#13;
co.com.sofka.stepdefinition.hu07.UpDateTrainingStepDefinition.quiero_actualizar_un_training_nuevo(UpDateTrainingStepDefinition.java:40)&#13;
✽.quiero actualizar un training nuevo(file:///C:/Users/ThinkPad/Desktop/RetoFinal/academic-system-certification/RETO_FINAL_SERVICES/src/test/resources/resources/features/hu07/CrudTraining.feature:18)&#13;
</system-err></testcase><testcase name="actualizar un training de manera incorrecta"/><testcase name="crear un training nuevo"><error message="Cannot parse object because no supported Content-Type was specified in response. Content-Type was 'text/html; charset=utf-8'." type="java.lang.IllegalStateException">Cannot parse object because no supported Content-Type was specified in response. Content-Type was 'text/html; charset=utf-8'.</error><system-err>Cannot parse object because no supported Content-Type was specified in response. Content-Type was 'text/html; charset=utf-8'.&#13;
io.restassured.internal.mapping.ObjectMapping.deserialize(ObjectMapping.groovy:84)&#13;
io.restassured.internal.RestAssuredResponseOptionsGroovyImpl.as(RestAssuredResponseOptionsGroovyImpl.groovy:220)&#13;
io.restassured.internal.RestAssuredResponseOptionsImpl.as(RestAssuredResponseOptionsImpl.java:166)&#13;
net.serenitybdd.rest.decorators.ResponseDecorated.as(ResponseDecorated.java:63)&#13;
co.com.sofka.questions.hu07.GetOneTrainingQuestion.answeredBy(GetOneTrainingQuestion.java:11)&#13;
co.com.sofka.stepdefinition.hu07.CreateTrainingStepDefinition.quieroCrearUnTrainingNuevo(CreateTrainingStepDefinition.java:35)&#13;
✽.quiero crear un training nuevo(file:///C:/Users/ThinkPad/Desktop/RetoFinal/academic-system-certification/RETO_FINAL_SERVICES/src/test/resources/resources/features/hu07/CrudTraining.feature:26)&#13;
</system-err></testcase><testcase name="crear un training de manera incorrecta"/><testcase name="eliminar un training"><failure message="&#10;Expected: &lt;202&gt;&#10;     but: was &lt;503&gt;" type="java.lang.AssertionError">
Expected: &lt;202&gt;
     but: was &lt;503&gt;</failure><system-err>
Expected: &lt;202&gt;
     but: was &lt;503&gt;&#13;
co.com.sofka.stepdefinition.hu07.DeleteTrainingStepDefinition.deberia_eliminar_el_training_de_manera_correcta(DeleteTrainingStepDefinition.java:30)&#13;
✽.deberia eliminar el training de manera correcta(file:///C:/Users/ThinkPad/Desktop/RetoFinal/academic-system-certification/RETO_FINAL_SERVICES/src/test/resources/resources/features/hu07/CrudTraining.feature:35)&#13;
</system-err></testcase><testcase name="eliminar un training de manera incorrecta"/></testsuite>