<?xml version="1.0" encoding="UTF-8"?><testsuite errors="0" failures="0" name="HU07" skipped="0" tests="7" time="6.96" timestamp="2021-12-03 12:20:43"><testcase name="ver un training de manera incorrecta"/><testcase name="actualizar un training"/><testcase name="actualizar un training de manera incorrecta"/><testcase name="crear un training nuevo"/><testcase name="crear un training de manera incorrecta"/><testcase name="eliminar un training"/><testcase name="eliminar un training de manera incorrecta"/></testsuite>